#-----------------------------------------------------------
# Webtalk v2015.4 (64-bit)
# SW Build 1412921 on Wed Nov 18 09:43:45 MST 2015
# 
# Start of session at: Wed Oct 02 17:23:24 2019
# Process ID: 18120
# Current directory: C:/Users/Computer/VIVADO_project/ps_hdmi/ps_hdmi.sdk/webtalk
# Command line: wbtcv.exe -mode batch -source sdk_webtalk.tcl
# Log file: C:/Users/Computer/VIVADO_project/ps_hdmi/ps_hdmi.sdk/webtalk/webtalk.log
# Journal file: C:/Users/Computer/VIVADO_project/ps_hdmi/ps_hdmi.sdk/webtalk\webtalk.jou
#-----------------------------------------------------------
source sdk_webtalk.tcl
# webtalk_init -webtalk_dir C:\\Users\\Computer\\VIVADO_project\\ps_hdmi\\ps_hdmi.sdk\\webtalk
# webtalk_register_client -client project
# webtalk_add_data -client project -key date_generated -value "星期三 十月 2 17:23:23 2019" -context "software_version_and_target_device"
# webtalk_add_data -client project -key product_version -value "SDK v2015.4" -context "software_version_and_target_device"
# webtalk_add_data -client project -key build_version -value "2015.4" -context "software_version_and_target_device"
# webtalk_add_data -client project -key os_platform -value "amd64" -context "software_version_and_target_device"
# webtalk_add_data -client project -key registration_id -value "" -context "software_version_and_target_device"
# webtalk_add_data -client project -key tool_flow -value "SDK" -context "software_version_and_target_device"
# webtalk_add_data -client project -key beta -value "false" -context "software_version_and_target_device"
# webtalk_add_data -client project -key route_design -value "NA" -context "software_version_and_target_device"
# webtalk_add_data -client project -key target_family -value "NA" -context "software_version_and_target_device"
# webtalk_add_data -client project -key target_device -value "NA" -context "software_version_and_target_device"
# webtalk_add_data -client project -key target_package -value "NA" -context "software_version_and_target_device"
# webtalk_add_data -client project -key target_speed -value "NA" -context "software_version_and_target_device"
# webtalk_add_data -client project -key random_id -value "9mnk82d00850tkcqka2ug9joaa" -context "software_version_and_target_device"
# webtalk_add_data -client project -key project_id -value "2015.4_15" -context "software_version_and_target_device"
# webtalk_add_data -client project -key project_iteration -value "15" -context "software_version_and_target_device"
# webtalk_add_data -client project -key os_name -value "" -context "user_environment"
# webtalk_add_data -client project -key os_release -value "" -context "user_environment"
# webtalk_add_data -client project -key cpu_name -value "" -context "user_environment"
# webtalk_add_data -client project -key cpu_speed -value "" -context "user_environment"
# webtalk_add_data -client project -key total_processors -value "" -context "user_environment"
# webtalk_add_data -client project -key system_ram -value "" -context "user_environment"
# webtalk_register_client -client sdk
# webtalk_add_data -client sdk -key uid -value "1570006509957" -context "sdk\\\\bsp/1570006509957"
# webtalk_add_data -client sdk -key hwid -value "1569997694565" -context "sdk\\\\bsp/1570006509957"
# webtalk_add_data -client sdk -key os -value "standalone" -context "sdk\\\\bsp/1570006509957"
# webtalk_add_data -client sdk -key apptemplate -value "zynq_fsbl" -context "sdk\\\\bsp/1570006509957"
# webtalk_add_data -client sdk -key uid -value "1570006518126" -context "sdk\\\\application/1570006518126"
# webtalk_add_data -client sdk -key hwid -value "1569997694565" -context "sdk\\\\application/1570006518126"
# webtalk_add_data -client sdk -key bspid -value "1570006509957" -context "sdk\\\\application/1570006518126"
# webtalk_add_data -client sdk -key newbsp -value "true" -context "sdk\\\\application/1570006518126"
# webtalk_add_data -client sdk -key os -value "standalone" -context "sdk\\\\application/1570006518126"
# webtalk_add_data -client sdk -key apptemplate -value "zynq_fsbl" -context "sdk\\\\application/1570006518126"
# webtalk_transmit -clientid 1544767633 -regid "" -xml C:\\Users\\Computer\\VIVADO_project\\ps_hdmi\\ps_hdmi.sdk\\webtalk\\usage_statistics_ext_sdk.xml -html C:\\Users\\Computer\\VIVADO_project\\ps_hdmi\\ps_hdmi.sdk\\webtalk\\usage_statistics_ext_sdk.html -wdm C:\\Users\\Computer\\VIVADO_project\\ps_hdmi\\ps_hdmi.sdk\\webtalk\\sdk_webtalk.wdm -intro "<H3>SDK Usage Report</H3><BR>"
# webtalk_terminate
INFO: [Common 17-206] Exiting Webtalk at Wed Oct 02 17:23:32 2019...
